0 info it worked if it ends with ok
1 verbose cli [ '/usr/bin/node', '/usr/bin/npm', 'run', 'production' ]
2 info using npm@6.9.0
3 info using node@v10.15.3
4 verbose run-script [ 'preproduction', 'production', 'postproduction' ]
5 info lifecycle @~preproduction: @
6 info lifecycle @~production: @
7 verbose lifecycle @~production: unsafe-perm in lifecycle true
8 verbose lifecycle @~production: PATH: /usr/lib/node_modules/npm/node_modules/npm-lifecycle/node-gyp-bin:/var/www/html/APL-app/node_modules/.bin:/root/.composer/vendor/bin:/usr/local/sbin:/usr/local/bin:/usr/sbin:/usr/bin:/sbin:/bin:/usr/games:/usr/local/games
9 verbose lifecycle @~production: CWD: /var/www/html/APL-app
10 silly lifecycle @~production: Args: [ '-c',
10 silly lifecycle   'cross-env NODE_ENV=production node_modules/webpack/bin/webpack.js --no-progress --hide-modules --config=node_modules/laravel-mix/setup/webpack.config.js' ]
11 silly lifecycle @~production: Returned: code: 126  signal: null
12 info lifecycle @~production: Failed to exec production script
13 verbose stack Error: @ production: `cross-env NODE_ENV=production node_modules/webpack/bin/webpack.js --no-progress --hide-modules --config=node_modules/laravel-mix/setup/webpack.config.js`
13 verbose stack Exit status 126
13 verbose stack     at EventEmitter.<anonymous> (/usr/lib/node_modules/npm/node_modules/npm-lifecycle/index.js:301:16)
13 verbose stack     at EventEmitter.emit (events.js:189:13)
13 verbose stack     at ChildProcess.<anonymous> (/usr/lib/node_modules/npm/node_modules/npm-lifecycle/lib/spawn.js:55:14)
13 verbose stack     at ChildProcess.emit (events.js:189:13)
13 verbose stack     at maybeClose (internal/child_process.js:970:16)
13 verbose stack     at Process.ChildProcess._handle.onexit (internal/child_process.js:259:5)
14 verbose pkgid @
15 verbose cwd /var/www/html/APL-app
16 verbose Linux 4.15.0-47-generic
17 verbose argv "/usr/bin/node" "/usr/bin/npm" "run" "production"
18 verbose node v10.15.3
19 verbose npm  v6.9.0
20 error code ELIFECYCLE
21 error errno 126
22 error @ production: `cross-env NODE_ENV=production node_modules/webpack/bin/webpack.js --no-progress --hide-modules --config=node_modules/laravel-mix/setup/webpack.config.js`
22 error Exit status 126
23 error Failed at the @ production script.
23 error This is probably not a problem with npm. There is likely additional logging output above.
24 verbose exit [ 126, true ]
